This is pdfTeX, Version 3.141592653-2.6-1.40.25 (TeX Live 2023) (preloaded format=pdflatex 2024.1.24)  15 NOV 2024 00:31
entering extended mode
 restricted \write18 enabled.
 file:line:error style messages enabled.
 %&-line parsing enabled.
**c:/Users/10735/Desktop/CMPEN454-Proj2-Repo/project2-repo.tex
(c:/Users/10735/Desktop/CMPEN454-Proj2-Repo/project2-repo.tex
LaTeX2e <2023-11-01> patch level 1
L3 programming layer <2024-01-22>
(c:/texlive/2023/texmf-dist/tex/latex/base/article.cls
Document Class: article 2023/05/17 v1.4n Standard LaTeX document class
(c:/texlive/2023/texmf-dist/tex/latex/base/size10.clo
File: size10.clo 2023/05/17 v1.4n Standard LaTeX file (size option)
)
\c@part=\count187
\c@section=\count188
\c@subsection=\count189
\c@subsubsection=\count190
\c@paragraph=\count191
\c@subparagraph=\count192
\c@figure=\count193
\c@table=\count194
\abovecaptionskip=\skip48
\belowcaptionskip=\skip49
\bibindent=\dimen140
) (c:/texlive/2023/texmf-dist/tex/latex/graphics/graphicx.sty
Package: graphicx 2021/09/16 v1.2d Enhanced LaTeX Graphics (DPC,SPQR)
 (c:/texlive/2023/texmf-dist/tex/latex/graphics/keyval.sty
Package: keyval 2022/05/29 v1.15 key=value parser (DPC)
\KV@toks@=\toks17
) (c:/texlive/2023/texmf-dist/tex/latex/graphics/graphics.sty
Package: graphics 2022/03/10 v1.4e Standard LaTeX Graphics (DPC,SPQR)
 (c:/texlive/2023/texmf-dist/tex/latex/graphics/trig.sty
Package: trig 2021/08/11 v1.11 sin cos tan (DPC)
) (c:/texlive/2023/texmf-dist/tex/latex/graphics-cfg/graphics.cfg
File: graphics.cfg 2016/06/04 v1.11 sample graphics configuration
)
Package graphics Info: Driver file: pdftex.def on input line 107.
 (c:/texlive/2023/texmf-dist/tex/latex/graphics-def/pdftex.def
File: pdftex.def 2022/09/22 v1.2b Graphics/color driver for pdftex
))
\Gin@req@height=\dimen141
\Gin@req@width=\dimen142
) (c:/texlive/2023/texmf-dist/tex/latex/amsmath/amsmath.sty
Package: amsmath 2023/05/13 v2.17o AMS math features
\@mathmargin=\skip50

For additional information on amsmath, use the `?' option.
(c:/texlive/2023/texmf-dist/tex/latex/amsmath/amstext.sty
Package: amstext 2021/08/26 v2.01 AMS text
 (c:/texlive/2023/texmf-dist/tex/latex/amsmath/amsgen.sty
File: amsgen.sty 1999/11/30 v2.0 generic functions
\@emptytoks=\toks18
\ex@=\dimen143
)) (c:/texlive/2023/texmf-dist/tex/latex/amsmath/amsbsy.sty
Package: amsbsy 1999/11/29 v1.2d Bold Symbols
\pmbraise@=\dimen144
) (c:/texlive/2023/texmf-dist/tex/latex/amsmath/amsopn.sty
Package: amsopn 2022/04/08 v2.04 operator names
)
\inf@bad=\count195
LaTeX Info: Redefining \frac on input line 234.
\uproot@=\count196
\leftroot@=\count197
LaTeX Info: Redefining \overline on input line 399.
LaTeX Info: Redefining \colon on input line 410.
\classnum@=\count198
\DOTSCASE@=\count199
LaTeX Info: Redefining \ldots on input line 496.
LaTeX Info: Redefining \dots on input line 499.
LaTeX Info: Redefining \cdots on input line 620.
\Mathstrutbox@=\box51
\strutbox@=\box52
LaTeX Info: Redefining \big on input line 722.
LaTeX Info: Redefining \Big on input line 723.
LaTeX Info: Redefining \bigg on input line 724.
LaTeX Info: Redefining \Bigg on input line 725.
\big@size=\dimen145
LaTeX Font Info:    Redeclaring font encoding OML on input line 743.
LaTeX Font Info:    Redeclaring font encoding OMS on input line 744.
\macc@depth=\count266
LaTeX Info: Redefining \bmod on input line 905.
LaTeX Info: Redefining \pmod on input line 910.
LaTeX Info: Redefining \smash on input line 940.
LaTeX Info: Redefining \relbar on input line 970.
LaTeX Info: Redefining \Relbar on input line 971.
\c@MaxMatrixCols=\count267
\dotsspace@=\muskip16
\c@parentequation=\count268
\dspbrk@lvl=\count269
\tag@help=\toks19
\row@=\count270
\column@=\count271
\maxfields@=\count272
\andhelp@=\toks20
\eqnshift@=\dimen146
\alignsep@=\dimen147
\tagshift@=\dimen148
\tagwidth@=\dimen149
\totwidth@=\dimen150
\lineht@=\dimen151
\@envbody=\toks21
\multlinegap=\skip51
\multlinetaggap=\skip52
\mathdisplay@stack=\toks22
LaTeX Info: Redefining \[ on input line 2953.
LaTeX Info: Redefining \] on input line 2954.
) (c:/texlive/2023/texmf-dist/tex/latex/caption/caption.sty
Package: caption 2023/08/05 v3.6o Customizing captions (AR)
 (c:/texlive/2023/texmf-dist/tex/latex/caption/caption3.sty
Package: caption3 2023/07/31 v2.4d caption3 kernel (AR)
\caption@tempdima=\dimen152
\captionmargin=\dimen153
\caption@leftmargin=\dimen154
\caption@rightmargin=\dimen155
\caption@width=\dimen156
\caption@indent=\dimen157
\caption@parindent=\dimen158
\caption@hangindent=\dimen159
Package caption Info: Standard document class detected.
)
\c@caption@flags=\count273
\c@continuedfloat=\count274
) (c:/texlive/2023/texmf-dist/tex/latex/hyperref/hyperref.sty
Package: hyperref 2024-01-20 v7.01h Hypertext links for LaTeX
 (c:/texlive/2023/texmf-dist/tex/generic/iftex/iftex.sty
Package: iftex 2022/02/03 v1.0f TeX engine tests
) (c:/texlive/2023/texmf-dist/tex/latex/kvsetkeys/kvsetkeys.sty
Package: kvsetkeys 2022-10-05 v1.19 Key value parser (HO)
) (c:/texlive/2023/texmf-dist/tex/generic/kvdefinekeys/kvdefinekeys.sty
Package: kvdefinekeys 2019-12-19 v1.6 Define keys (HO)
) (c:/texlive/2023/texmf-dist/tex/generic/pdfescape/pdfescape.sty
Package: pdfescape 2019/12/09 v1.15 Implements pdfTeX's escape features (HO)
 (c:/texlive/2023/texmf-dist/tex/generic/ltxcmds/ltxcmds.sty
Package: ltxcmds 2023-12-04 v1.26 LaTeX kernel commands for general use (HO)
) (c:/texlive/2023/texmf-dist/tex/generic/pdftexcmds/pdftexcmds.sty
Package: pdftexcmds 2020-06-27 v0.33 Utility functions of pdfTeX for LuaTeX (HO)
 (c:/texlive/2023/texmf-dist/tex/generic/infwarerr/infwarerr.sty
Package: infwarerr 2019/12/03 v1.5 Providing info/warning/error messages (HO)
)
Package pdftexcmds Info: \pdf@primitive is available.
Package pdftexcmds Info: \pdf@ifprimitive is available.
Package pdftexcmds Info: \pdfdraftmode found.
)) (c:/texlive/2023/texmf-dist/tex/latex/hycolor/hycolor.sty
Package: hycolor 2020-01-27 v1.10 Color options for hyperref/bookmark (HO)
) (c:/texlive/2023/texmf-dist/tex/latex/auxhook/auxhook.sty
Package: auxhook 2019-12-17 v1.6 Hooks for auxiliary files (HO)
) (c:/texlive/2023/texmf-dist/tex/latex/hyperref/nameref.sty
Package: nameref 2023-11-26 v2.56 Cross-referencing by name of section
 (c:/texlive/2023/texmf-dist/tex/latex/refcount/refcount.sty
Package: refcount 2019/12/15 v3.6 Data extraction from label references (HO)
) (c:/texlive/2023/texmf-dist/tex/generic/gettitlestring/gettitlestring.sty
Package: gettitlestring 2019/12/15 v1.6 Cleanup title references (HO)
 (c:/texlive/2023/texmf-dist/tex/latex/kvoptions/kvoptions.sty
Package: kvoptions 2022-06-15 v3.15 Key value format for package options (HO)
))
\c@section@level=\count275
) (c:/texlive/2023/texmf-dist/tex/latex/etoolbox/etoolbox.sty
Package: etoolbox 2020/10/05 v2.5k e-TeX tools for LaTeX (JAW)
\etb@tempcnta=\count276
)
\@linkdim=\dimen160
\Hy@linkcounter=\count277
\Hy@pagecounter=\count278
 (c:/texlive/2023/texmf-dist/tex/latex/hyperref/pd1enc.def
File: pd1enc.def 2024-01-20 v7.01h Hyperref: PDFDocEncoding definition (HO)
Now handling font encoding PD1 ...
... no UTF-8 mapping file for font encoding PD1
) (c:/texlive/2023/texmf-dist/tex/generic/intcalc/intcalc.sty
Package: intcalc 2019/12/15 v1.3 Expandable calculations with integers (HO)
)
\Hy@SavedSpaceFactor=\count279
 (c:/texlive/2023/texmf-dist/tex/latex/hyperref/puenc.def
File: puenc.def 2024-01-20 v7.01h Hyperref: PDF Unicode definition (HO)
Now handling font encoding PU ...
... no UTF-8 mapping file for font encoding PU
)
Package hyperref Info: Hyper figures OFF on input line 4179.
Package hyperref Info: Link nesting OFF on input line 4184.
Package hyperref Info: Hyper index ON on input line 4187.
Package hyperref Info: Plain pages OFF on input line 4194.
Package hyperref Info: Backreferencing OFF on input line 4199.
Package hyperref Info: Implicit mode ON; LaTeX internals redefined.
Package hyperref Info: Bookmarks ON on input line 4446.
\c@Hy@tempcnt=\count280
 (c:/texlive/2023/texmf-dist/tex/latex/url/url.sty
\Urlmuskip=\muskip17
Package: url 2013/09/16  ver 3.4  Verb mode for urls, etc.
)
LaTeX Info: Redefining \url on input line 4784.
\XeTeXLinkMargin=\dimen161
 (c:/texlive/2023/texmf-dist/tex/generic/bitset/bitset.sty
Package: bitset 2019/12/09 v1.3 Handle bit-vector datatype (HO)
 (c:/texlive/2023/texmf-dist/tex/generic/bigintcalc/bigintcalc.sty
Package: bigintcalc 2019/12/15 v1.5 Expandable calculations on big integers (HO)
))
\Fld@menulength=\count281
\Field@Width=\dimen162
\Fld@charsize=\dimen163
Package hyperref Info: Hyper figures OFF on input line 6063.
Package hyperref Info: Link nesting OFF on input line 6068.
Package hyperref Info: Hyper index ON on input line 6071.
Package hyperref Info: backreferencing OFF on input line 6078.
Package hyperref Info: Link coloring OFF on input line 6083.
Package hyperref Info: Link coloring with OCG OFF on input line 6088.
Package hyperref Info: PDF/A mode OFF on input line 6093.
 (c:/texlive/2023/texmf-dist/tex/latex/base/atbegshi-ltx.sty
Package: atbegshi-ltx 2021/01/10 v1.0c Emulation of the original atbegshi
package with kernel methods
)
\Hy@abspage=\count282
\c@Item=\count283
\c@Hfootnote=\count284
)
Package hyperref Info: Driver (autodetected): hpdftex.
 (c:/texlive/2023/texmf-dist/tex/latex/hyperref/hpdftex.def
File: hpdftex.def 2024-01-20 v7.01h Hyperref driver for pdfTeX
 (c:/texlive/2023/texmf-dist/tex/latex/base/atveryend-ltx.sty
Package: atveryend-ltx 2020/08/19 v1.0a Emulation of the original atveryend package
with kernel methods
)
\Fld@listcount=\count285
\c@bookmark@seq@number=\count286
 (c:/texlive/2023/texmf-dist/tex/latex/rerunfilecheck/rerunfilecheck.sty
Package: rerunfilecheck 2022-07-10 v1.10 Rerun checks for auxiliary files (HO)
 (c:/texlive/2023/texmf-dist/tex/generic/uniquecounter/uniquecounter.sty
Package: uniquecounter 2019/12/15 v1.4 Provide unlimited unique counter (HO)
)
Package uniquecounter Info: New unique counter `rerunfilecheck' on input line 285.
)
\Hy@SectionHShift=\skip53
) (c:/texlive/2023/texmf-dist/tex/latex/l3backend/l3backend-pdftex.def
File: l3backend-pdftex.def 2024-01-04 L3 backend support: PDF output (pdfTeX)
\l__color_backend_stack_int=\count287
\l__pdf_internal_box=\box53
) (./project2-repo.aux)
\openout1 = `project2-repo.aux'.

LaTeX Font Info:    Checking defaults for OML/cmm/m/it on input line 11.
LaTeX Font Info:    ... okay on input line 11.
LaTeX Font Info:    Checking defaults for OMS/cmsy/m/n on input line 11.
LaTeX Font Info:    ... okay on input line 11.
LaTeX Font Info:    Checking defaults for OT1/cmr/m/n on input line 11.
LaTeX Font Info:    ... okay on input line 11.
LaTeX Font Info:    Checking defaults for T1/cmr/m/n on input line 11.
LaTeX Font Info:    ... okay on input line 11.
LaTeX Font Info:    Checking defaults for TS1/cmr/m/n on input line 11.
LaTeX Font Info:    ... okay on input line 11.
LaTeX Font Info:    Checking defaults for OMX/cmex/m/n on input line 11.
LaTeX Font Info:    ... okay on input line 11.
LaTeX Font Info:    Checking defaults for U/cmr/m/n on input line 11.
LaTeX Font Info:    ... okay on input line 11.
LaTeX Font Info:    Checking defaults for PD1/pdf/m/n on input line 11.
LaTeX Font Info:    ... okay on input line 11.
LaTeX Font Info:    Checking defaults for PU/pdf/m/n on input line 11.
LaTeX Font Info:    ... okay on input line 11.
 (c:/texlive/2023/texmf-dist/tex/context/base/mkii/supp-pdf.mkii
[Loading MPS to PDF converter (version 2006.09.02).]
\scratchcounter=\count288
\scratchdimen=\dimen164
\scratchbox=\box54
\nofMPsegments=\count289
\nofMParguments=\count290
\everyMPshowfont=\toks23
\MPscratchCnt=\count291
\MPscratchDim=\dimen165
\MPnumerator=\count292
\makeMPintoPDFobject=\count293
\everyMPtoPDFconversion=\toks24
) (c:/texlive/2023/texmf-dist/tex/latex/epstopdf-pkg/epstopdf-base.sty
Package: epstopdf-base 2020-01-24 v2.11 Base part for package epstopdf
Package epstopdf-base Info: Redefining graphics rule for `.eps' on input line 485.
 (c:/texlive/2023/texmf-dist/tex/latex/latexconfig/epstopdf-sys.cfg
File: epstopdf-sys.cfg 2010/07/13 v1.3 Configuration of (r)epstopdf for TeX Live
))
Package caption Info: Begin \AtBeginDocument code.
Package caption Info: hyperref package is loaded.
Package caption Info: End \AtBeginDocument code.
Package hyperref Info: Link coloring OFF on input line 11.
 (./project2-repo.out) (./project2-repo.out)
\@outlinefile=\write3
\openout3 = `project2-repo.out'.


Underfull \hbox (badness 10000) in paragraph at lines 16--36

 []


Underfull \hbox (badness 10000) in paragraph at lines 16--36

 []


Underfull \hbox (badness 10000) in paragraph at lines 16--36

 []


Underfull \hbox (badness 10000) in paragraph at lines 16--36

 []


Underfull \hbox (badness 10000) in paragraph at lines 16--36

 []

[1

{c:/texlive/2023/texmf-var/fonts/map/pdftex/updmap/pdftex.map}]
<3.2.png, id=55, 1325.70282pt x 728.7225pt>
File: 3.2.png Graphic file (type png)
<use 3.2.png>
Package pdftex.def Info: 3.2.png  used on input line 43.
(pdftex.def)             Requested size: 241.49895pt x 132.74333pt.
<1.png, id=57, 1611.01875pt x 914.66719pt>
File: 1.png Graphic file (type png)
<use 1.png>
Package pdftex.def Info: 1.png  used on input line 48.
(pdftex.def)             Requested size: 241.49895pt x 137.11041pt.
<2.png, id=58, 1611.01875pt x 914.66719pt>
File: 2.png Graphic file (type png)
<use 2.png>
Package pdftex.def Info: 2.png  used on input line 53.
(pdftex.def)             Requested size: 241.49895pt x 137.11041pt.


LaTeX Warning: `h' float specifier changed to `ht'.

[2 <./3.2.png> <./1.png (PNG copy)>]
<3.3.png, id=66, 545.03625pt x 59.47218pt>
File: 3.3.png Graphic file (type png)
<use 3.3.png>
Package pdftex.def Info: 3.3.png  used on input line 62.
(pdftex.def)             Requested size: 241.49895pt x 26.35114pt.
<3.5form.png, id=67, 984.67876pt x 614.295pt>
File: 3.5form.png Graphic file (type png)
<use 3.5form.png>
Package pdftex.def Info: 3.5form.png  used on input line 67.
(pdftex.def)             Requested size: 241.49895pt x 150.65825pt.

Underfull \hbox (badness 10000) in paragraph at lines 58--69

 []

<3.png, id=68, 1611.01875pt x 914.66719pt>
File: 3.png Graphic file (type png)
<use 3.png>
Package pdftex.def Info: 3.png  used on input line 77.
(pdftex.def)             Requested size: 231.14937pt x 131.23465pt.
<4.png, id=69, 1611.01875pt x 914.66719pt>
File: 4.png Graphic file (type png)
<use 4.png>
Package pdftex.def Info: 4.png  used on input line 82.
(pdftex.def)             Requested size: 241.49895pt x 137.11041pt.
[3 <./2.png (PNG copy)> <./3.3.png> <./3.5form.png>]
<5.png, id=79, 632.3625pt x 474.27188pt>
File: 5.png Graphic file (type png)
<use 5.png>
Package pdftex.def Info: 5.png  used on input line 90.
(pdftex.def)             Requested size: 241.49895pt x 181.12254pt.
<6.png, id=80, 1611.01875pt x 914.66719pt>
File: 6.png Graphic file (type png)
<use 6.png>
Package pdftex.def Info: 6.png  used on input line 95.
(pdftex.def)             Requested size: 276.00105pt x 156.69164pt.

Underfull \hbox (badness 10000) in paragraph at lines 85--97

 []


LaTeX Warning: `h' float specifier changed to `ht'.


LaTeX Warning: `h' float specifier changed to `ht'.

[4 <./3.png> <./4.png (PNG copy)>]
<7.png, id=89, 1611.01875pt x 914.66719pt>
File: 7.png Graphic file (type png)
<use 7.png>
Package pdftex.def Info: 7.png  used on input line 101.
(pdftex.def)             Requested size: 276.00105pt x 156.69164pt.

Underfull \hbox (badness 10000) in paragraph at lines 98--104

 []


LaTeX Warning: `h' float specifier changed to `ht'.

<8.png, id=90, 632.3625pt x 474.27188pt>
File: 8.png Graphic file (type png)
<use 8.png>
Package pdftex.def Info: 8.png  used on input line 108.
(pdftex.def)             Requested size: 241.49895pt x 181.12254pt.

Underfull \hbox (badness 10000) in paragraph at lines 104--110

 []


LaTeX Warning: `h' float specifier changed to `ht'.

[5 <./5.png (PNG copy)> <./6.png (PNG copy)>]
<9.png, id=97, 1611.01875pt x 914.66719pt>
File: 9.png Graphic file (type png)
<use 9.png>
Package pdftex.def Info: 9.png  used on input line 115.
(pdftex.def)             Requested size: 276.00105pt x 156.69164pt.
<10.png, id=98, 1611.01875pt x 914.66719pt>
File: 10.png Graphic file (type png)
<use 10.png>
Package pdftex.def Info: 10.png  used on input line 120.
(pdftex.def)             Requested size: 276.00105pt x 156.69164pt.

Underfull \hbox (badness 10000) in paragraph at lines 111--125

 []


Underfull \hbox (badness 10000) in paragraph at lines 111--125

 []


LaTeX Warning: `h' float specifier changed to `ht'.


LaTeX Warning: `h' float specifier changed to `ht'.

[6 <./7.png (PNG copy)> <./8.png (PNG copy)>]
<11.png, id=105, 1611.01875pt x 914.66719pt>
File: 11.png Graphic file (type png)
<use 11.png>
Package pdftex.def Info: 11.png  used on input line 133.
(pdftex.def)             Requested size: 276.00105pt x 156.69164pt.
<12.png, id=106, 1611.01875pt x 914.66719pt>
File: 12.png Graphic file (type png)
<use 12.png>
Package pdftex.def Info: 12.png  used on input line 137.
(pdftex.def)             Requested size: 276.00105pt x 156.69164pt.

Underfull \hbox (badness 10000) in paragraph at lines 126--139

 []


LaTeX Warning: `h' float specifier changed to `ht'.


LaTeX Warning: `h' float specifier changed to `ht'.

[7 <./9.png (PNG copy)> <./10.png (PNG copy)>] [8 <./11.png (PNG copy)> <./12.png (PNG copy)>]
<13.png, id=120, 1611.01875pt x 914.66719pt>
File: 13.png Graphic file (type png)
<use 13.png>
Package pdftex.def Info: 13.png  used on input line 149.
(pdftex.def)             Requested size: 207.0021pt x 117.51523pt.
<14.png, id=121, 1611.01875pt x 914.66719pt>
File: 14.png Graphic file (type png)
<use 14.png>
Package pdftex.def Info: 14.png  used on input line 150.
(pdftex.def)             Requested size: 207.0021pt x 117.51523pt.

Underfull \hbox (badness 10000) in paragraph at lines 145--152

 []

[9 <./13.png (PNG copy)> <./14.png (PNG copy)>]
<3.5-F2.png, id=127, 1065.9825pt x 855.195pt>
File: 3.5-F2.png Graphic file (type png)
<use 3.5-F2.png>
Package pdftex.def Info: 3.5-F2.png  used on input line 162.
(pdftex.def)             Requested size: 172.5pt x 138.38686pt.
<3.5-S.png, id=128, 1072.005pt x 787.44188pt>
File: 3.5-S.png Graphic file (type png)
<use 3.5-S.png>
Package pdftex.def Info: 3.5-S.png  used on input line 167.
(pdftex.def)             Requested size: 172.5pt x 126.70218pt.

Underfull \hbox (badness 10000) in paragraph at lines 159--169

 []

[10 <./3.5-F2.png> <./3.5-S.png>] [11{c:/texlive/2023/texmf-dist/fonts/enc/dvips/cm-super/cm-super-ts1.enc}]
<16.png, id=144, 632.3625pt x 474.27188pt>
File: 16.png Graphic file (type png)
<use 16.png>
Package pdftex.def Info: 16.png  used on input line 197.
(pdftex.def)             Requested size: 241.49895pt x 181.12254pt.
<15.png, id=145, 632.3625pt x 474.27188pt>
File: 15.png Graphic file (type png)
<use 15.png>
Package pdftex.def Info: 15.png  used on input line 198.
(pdftex.def)             Requested size: 241.49895pt x 181.12254pt.

Underfull \hbox (badness 10000) in paragraph at lines 193--200

 []

[12 <./16.png (PNG copy)> <./15.png (PNG copy)>]
<3-5martix.png, id=151, 387.69844pt x 136.25906pt>
File: 3-5martix.png Graphic file (type png)
<use 3-5martix.png>
Package pdftex.def Info: 3-5martix.png  used on input line 204.
(pdftex.def)             Requested size: 276.00105pt x 97.00449pt.

Underfull \hbox (badness 10000) in paragraph at lines 201--206

 []

<17.png, id=152, 1611.01875pt x 914.66719pt>
File: 17.png Graphic file (type png)
<use 17.png>
Package pdftex.def Info: 17.png  used on input line 213.
(pdftex.def)             Requested size: 241.49895pt x 137.11041pt.
<18.png, id=153, 1611.01875pt x 914.66719pt>
File: 18.png Graphic file (type png)
<use 18.png>
Package pdftex.def Info: 18.png  used on input line 214.
(pdftex.def)             Requested size: 241.49895pt x 137.11041pt.
<20.png, id=154, 632.3625pt x 474.27188pt>
File: 20.png Graphic file (type png)
<use 20.png>
Package pdftex.def Info: 20.png  used on input line 220.
(pdftex.def)             Requested size: 241.49895pt x 181.12254pt.
<19.png, id=155, 632.3625pt x 474.27188pt>
File: 19.png Graphic file (type png)
<use 19.png>
Package pdftex.def Info: 19.png  used on input line 221.
(pdftex.def)             Requested size: 241.49895pt x 181.12254pt.
<22.png, id=156, 632.3625pt x 474.27188pt>
File: 22.png Graphic file (type png)
<use 22.png>
Package pdftex.def Info: 22.png  used on input line 226.
(pdftex.def)             Requested size: 207.0021pt x 155.25099pt.
<21.png, id=157, 632.3625pt x 474.27188pt>
File: 21.png Graphic file (type png)
<use 21.png>
Package pdftex.def Info: 21.png  used on input line 227.
(pdftex.def)             Requested size: 207.0021pt x 155.25099pt.

Underfull \hbox (badness 10000) in paragraph at lines 209--229

 []

[13 <./3-5martix.png> <./17.png (PNG copy)> <./18.png (PNG copy)>]

LaTeX Warning: `h' float specifier changed to `ht'.

[14 <./20.png (PNG copy)> <./19.png (PNG copy)>]
<3-6p12.png, id=171, 508.14844pt x 216.05719pt>
File: 3-6p12.png Graphic file (type png)
<use 3-6p12.png>
Package pdftex.def Info: 3-6p12.png  used on input line 234.
(pdftex.def)             Requested size: 207.0021pt x 88.01367pt.
 [15 <./22.png (PNG copy)> <./21.png (PNG copy)> <./3-6p12.png>]
<3-7result.png, id=179, 1021.56656pt x 118.94438pt>
File: 3-7result.png Graphic file (type png)
<use 3-7result.png>
Package pdftex.def Info: 3-7result.png  used on input line 243.
(pdftex.def)             Requested size: 241.49895pt x 28.11708pt.

Underfull \hbox (badness 10000) in paragraph at lines 239--249

 []

<cp-v1.png, id=180, 422.32782pt x 426.09187pt>
File: cp-v1.png Graphic file (type png)
<use cp-v1.png>
Package pdftex.def Info: cp-v1.png  used on input line 257.
(pdftex.def)             Requested size: 155.24895pt x 156.63727pt.
<cp-v2.png, id=181, 407.27156pt x 508.90125pt>
File: cp-v2.png Graphic file (type png)
<use cp-v2.png>
Package pdftex.def Info: cp-v2.png  used on input line 262.
(pdftex.def)             Requested size: 155.24895pt x 193.99017pt.
<v1-39.png, id=182, 422.32782pt x 426.09187pt>
File: v1-39.png Graphic file (type png)
<use v1-39.png>
Package pdftex.def Info: v1-39.png  used on input line 270.
(pdftex.def)             Requested size: 155.24895pt x 156.63727pt.
<v2-39.png, id=183, 407.27156pt x 508.90125pt>
File: v2-39.png Graphic file (type png)
<use v2-39.png>
Package pdftex.def Info: v2-39.png  used on input line 275.
(pdftex.def)             Requested size: 155.24895pt x 193.99017pt.

Underfull \hbox (badness 10000) in paragraph at lines 252--278

 []


LaTeX Warning: `h' float specifier changed to `ht'.

[16 <./3-7result.png> <./cp-v1.png (PNG copy)> <./cp-v2.png (PNG copy)>]
<28.png, id=192, 632.3625pt x 474.27188pt>
File: 28.png Graphic file (type png)
<use 28.png>
Package pdftex.def Info: 28.png  used on input line 284.
(pdftex.def)             Requested size: 155.24895pt x 116.43282pt.
<29.png, id=193, 632.3625pt x 474.27188pt>
File: 29.png Graphic file (type png)
<use 29.png>
Package pdftex.def Info: 29.png  used on input line 289.
(pdftex.def)             Requested size: 155.24895pt x 116.43282pt.
File: 16.png Graphic file (type png)
<use 16.png>
Package pdftex.def Info: 16.png  used on input line 298.
(pdftex.def)             Requested size: 155.24895pt x 116.43282pt.
File: 15.png Graphic file (type png)
<use 15.png>
Package pdftex.def Info: 15.png  used on input line 302.
(pdftex.def)             Requested size: 155.24895pt x 116.43282pt.

Underfull \hbox (badness 10000) in paragraph at lines 279--305

 []


LaTeX Warning: `h' float specifier changed to `ht'.

[17 <./v1-39.png (PNG copy)> <./v2-39.png (PNG copy)> <./28.png (PNG copy)> <./29.png (PNG copy)>]
<ex2.png, id=200, 1611.01875pt x 914.66719pt>
File: ex2.png Graphic file (type png)
<use ex2.png>
Package pdftex.def Info: ex2.png  used on input line 312.
(pdftex.def)             Requested size: 207.0021pt x 117.51523pt.
<floorTop.png, id=201, 1611.01875pt x 914.66719pt>
File: floorTop.png Graphic file (type png)
<use floorTop.png>
Package pdftex.def Info: floorTop.png  used on input line 318.
(pdftex.def)             Requested size: 207.0021pt x 117.51523pt.

Underfull \hbox (badness 10000) in paragraph at lines 309--320

 []

[18 <./ex2.png (PNG copy)> <./floorTop.png (PNG copy)>]
Underfull \hbox (badness 10000) in paragraph at lines 324--331

 []


Underfull \hbox (badness 10000) in paragraph at lines 324--331

 []

[19] (./project2-repo.aux)
 ***********
LaTeX2e <2023-11-01> patch level 1
L3 programming layer <2024-01-22>
 ***********
Package rerunfilecheck Info: File `project2-repo.out' has not changed.
(rerunfilecheck)             Checksum: 9FBA756F7D67292C1CE650542751C621;1572.
 ) 
Here is how much of TeX's memory you used:
 10659 strings out of 474222
 167710 string characters out of 5750209
 1931978 words of memory out of 5000000
 32760 multiletter control sequences out of 15000+600000
 563172 words of font info for 54 fonts, out of 8000000 for 9000
 1141 hyphenation exceptions out of 8191
 75i,9n,79p,308b,461s stack positions out of 10000i,1000n,20000p,200000b,200000s
<c:/texlive/2023/texmf-dist/fonts/type1/public/amsfonts/cm/cmbx12.pfb><c:/texlive/2023/texmf-dist/fonts/type1/public/amsfonts/cm/cmmi10.pfb><c:/texlive/2023/texmf-dist/fonts/type1/public/amsfonts/cm/cmmi7.pfb><c:/texlive/2023/texmf-dist/fonts/type1/public/amsfonts/cm/cmr10.pfb><c:/texlive/2023/texmf-dist/fonts/type1/public/amsfonts/cm/cmr12.pfb><c:/texlive/2023/texmf-dist/fonts/type1/public/amsfonts/cm/cmr17.pfb><c:/texlive/2023/texmf-dist/fonts/type1/public/amsfonts/cm/cmr7.pfb><c:/texlive/2023/texmf-dist/fonts/type1/public/amsfonts/cm/cmsy10.pfb><c:/texlive/2023/texmf-dist/fonts/type1/public/amsfonts/cm/cmsy7.pfb><c:/texlive/2023/texmf-dist/fonts/type1/public/cm-super/sfrm1000.pfb>
Output written on project2-repo.pdf (19 pages, 29938341 bytes).
PDF statistics:
 274 PDF objects out of 1000 (max. 8388607)
 184 compressed objects within 2 object streams
 61 named destinations out of 1000 (max. 500000)
 271 words of extra memory for PDF output out of 10000 (max. 10000000)

